[INFO  - 2016-07-07T13:32:29.772Z] GhostDriver - Main - running on port 30221
[INFO  - 2016-07-07T13:32:30.438Z] Session [40f147e0-4447-11e6-bb60-55b1bea05310] - page.settings - {"XSSAuditingEnabled":false,"javascriptCanCloseWindows":true,"javascriptCanOpenWindows":true,"javascriptEnabled":true,"loadImages":true,"localToRemoteUrlAccessEnabled":false,"userAgent":"Mozilla/5.0 (Windows NT 6.2; WOW64) AppleWebKit/538.1 (KHTML, like Gecko) PhantomJS/2.1.1 Safari/538.1","webSecurityEnabled":true}
[INFO  - 2016-07-07T13:32:30.439Z] Session [40f147e0-4447-11e6-bb60-55b1bea05310] - page.customHeaders:  - {}
[INFO  - 2016-07-07T13:32:30.442Z] Session [40f147e0-4447-11e6-bb60-55b1bea05310] - Session.negotiatedCapabilities - {"browserName":"phantomjs","version":"2.1.1","driverName":"ghostdriver","driverVersion":"1.2.0","platform":"windows-10-32bit","javascriptEnabled":true,"takesScreenshot":true,"handlesAlerts":false,"databaseEnabled":false,"locationContextEnabled":false,"applicationCacheEnabled":false,"browserConnectionEnabled":false,"cssSelectorsEnabled":true,"webStorageEnabled":false,"rotatable":false,"acceptSslCerts":false,"nativeEvents":true,"proxy":{"proxyType":"direct"}}
[INFO  - 2016-07-07T13:32:30.442Z] SessionManagerReqHand - _postNewSessionCommand - New Session Created: 40f147e0-4447-11e6-bb60-55b1bea05310
[INFO  - 2016-07-07T13:32:48.149Z] ShutdownReqHand - _handle - About to shutdown
[INFO  - 2016-07-07T13:53:10.628Z] GhostDriver - Main - running on port 11929
[INFO  - 2016-07-07T13:53:11.738Z] Session [24d0ef40-444a-11e6-9d8c-07cf0b26ec70] - page.settings - {"XSSAuditingEnabled":false,"javascriptCanCloseWindows":true,"javascriptCanOpenWindows":true,"javascriptEnabled":true,"loadImages":true,"localToRemoteUrlAccessEnabled":false,"userAgent":"Mozilla/5.0 (Windows NT 6.2; WOW64) AppleWebKit/538.1 (KHTML, like Gecko) PhantomJS/2.1.1 Safari/538.1","webSecurityEnabled":true}
[INFO  - 2016-07-07T13:53:11.738Z] Session [24d0ef40-444a-11e6-9d8c-07cf0b26ec70] - page.customHeaders:  - {}
[INFO  - 2016-07-07T13:53:11.738Z] Session [24d0ef40-444a-11e6-9d8c-07cf0b26ec70] - Session.negotiatedCapabilities - {"browserName":"phantomjs","version":"2.1.1","driverName":"ghostdriver","driverVersion":"1.2.0","platform":"windows-10-32bit","javascriptEnabled":true,"takesScreenshot":true,"handlesAlerts":false,"databaseEnabled":false,"locationContextEnabled":false,"applicationCacheEnabled":false,"browserConnectionEnabled":false,"cssSelectorsEnabled":true,"webStorageEnabled":false,"rotatable":false,"acceptSslCerts":false,"nativeEvents":true,"proxy":{"proxyType":"direct"}}
[INFO  - 2016-07-07T13:53:11.739Z] SessionManagerReqHand - _postNewSessionCommand - New Session Created: 24d0ef40-444a-11e6-9d8c-07cf0b26ec70
[INFO  - 2016-07-07T13:53:28.480Z] ShutdownReqHand - _handle - About to shutdown
[INFO  - 2016-07-07T14:55:21.744Z] GhostDriver - Main - running on port 12654
[INFO  - 2016-07-07T14:55:22.362Z] Session [d470d430-4452-11e6-b712-0f0fcf7f233e] - page.settings - {"XSSAuditingEnabled":false,"javascriptCanCloseWindows":true,"javascriptCanOpenWindows":true,"javascriptEnabled":true,"loadImages":true,"localToRemoteUrlAccessEnabled":false,"userAgent":"Mozilla/5.0 (Windows NT 6.2; WOW64) AppleWebKit/538.1 (KHTML, like Gecko) PhantomJS/2.1.1 Safari/538.1","webSecurityEnabled":true}
[INFO  - 2016-07-07T14:55:22.363Z] Session [d470d430-4452-11e6-b712-0f0fcf7f233e] - page.customHeaders:  - {}
[INFO  - 2016-07-07T14:55:22.363Z] Session [d470d430-4452-11e6-b712-0f0fcf7f233e] - Session.negotiatedCapabilities - {"browserName":"phantomjs","version":"2.1.1","driverName":"ghostdriver","driverVersion":"1.2.0","platform":"windows-10-32bit","javascriptEnabled":true,"takesScreenshot":true,"handlesAlerts":false,"databaseEnabled":false,"locationContextEnabled":false,"applicationCacheEnabled":false,"browserConnectionEnabled":false,"cssSelectorsEnabled":true,"webStorageEnabled":false,"rotatable":false,"acceptSslCerts":false,"nativeEvents":true,"proxy":{"proxyType":"direct"}}
[INFO  - 2016-07-07T14:55:22.363Z] SessionManagerReqHand - _postNewSessionCommand - New Session Created: d470d430-4452-11e6-b712-0f0fcf7f233e
[INFO  - 2016-07-07T14:55:38.288Z] ShutdownReqHand - _handle - About to shutdown
[INFO  - 2016-07-08T05:07:35.081Z] GhostDriver - Main - running on port 22118
[INFO  - 2016-07-08T05:07:35.979Z] Session [e273bd50-44c9-11e6-807e-f1db8311d81e] - page.settings - {"XSSAuditingEnabled":false,"javascriptCanCloseWindows":true,"javascriptCanOpenWindows":true,"javascriptEnabled":true,"loadImages":true,"localToRemoteUrlAccessEnabled":false,"userAgent":"Mozilla/5.0 (Windows NT 6.2; WOW64) AppleWebKit/538.1 (KHTML, like Gecko) PhantomJS/2.1.1 Safari/538.1","webSecurityEnabled":true}
[INFO  - 2016-07-08T05:07:35.979Z] Session [e273bd50-44c9-11e6-807e-f1db8311d81e] - page.customHeaders:  - {}
[INFO  - 2016-07-08T05:07:35.979Z] Session [e273bd50-44c9-11e6-807e-f1db8311d81e] - Session.negotiatedCapabilities - {"browserName":"phantomjs","version":"2.1.1","driverName":"ghostdriver","driverVersion":"1.2.0","platform":"windows-10-32bit","javascriptEnabled":true,"takesScreenshot":true,"handlesAlerts":false,"databaseEnabled":false,"locationContextEnabled":false,"applicationCacheEnabled":false,"browserConnectionEnabled":false,"cssSelectorsEnabled":true,"webStorageEnabled":false,"rotatable":false,"acceptSslCerts":false,"nativeEvents":true,"proxy":{"proxyType":"direct"}}
[INFO  - 2016-07-08T05:07:35.979Z] SessionManagerReqHand - _postNewSessionCommand - New Session Created: e273bd50-44c9-11e6-807e-f1db8311d81e
[INFO  - 2016-07-08T05:08:21.148Z] ShutdownReqHand - _handle - About to shutdown
[INFO  - 2016-07-08T09:35:42.204Z] GhostDriver - Main - running on port 31996
[INFO  - 2016-07-08T09:35:42.995Z] Session [570ef790-44ef-11e6-897a-1b46ae3dcffa] - page.settings - {"XSSAuditingEnabled":false,"javascriptCanCloseWindows":true,"javascriptCanOpenWindows":true,"javascriptEnabled":true,"loadImages":true,"localToRemoteUrlAccessEnabled":false,"userAgent":"Mozilla/5.0 (Windows NT 6.2; WOW64) AppleWebKit/538.1 (KHTML, like Gecko) PhantomJS/2.1.1 Safari/538.1","webSecurityEnabled":true}
[INFO  - 2016-07-08T09:35:42.995Z] Session [570ef790-44ef-11e6-897a-1b46ae3dcffa] - page.customHeaders:  - {}
[INFO  - 2016-07-08T09:35:42.995Z] Session [570ef790-44ef-11e6-897a-1b46ae3dcffa] - Session.negotiatedCapabilities - {"browserName":"phantomjs","version":"2.1.1","driverName":"ghostdriver","driverVersion":"1.2.0","platform":"windows-10-32bit","javascriptEnabled":true,"takesScreenshot":true,"handlesAlerts":false,"databaseEnabled":false,"locationContextEnabled":false,"applicationCacheEnabled":false,"browserConnectionEnabled":false,"cssSelectorsEnabled":true,"webStorageEnabled":false,"rotatable":false,"acceptSslCerts":false,"nativeEvents":true,"proxy":{"proxyType":"direct"}}
[INFO  - 2016-07-08T09:35:42.995Z] SessionManagerReqHand - _postNewSessionCommand - New Session Created: 570ef790-44ef-11e6-897a-1b46ae3dcffa
[ERROR - 2016-07-08T09:36:49.895Z] WebElementLocator - _handleLocateCommand - Element(s) NOT Found: GAVE UP. Search Stop Time: 1467970609825
[INFO  - 2016-07-08T09:36:50.003Z] ShutdownReqHand - _handle - About to shutdown
[INFO  - 2016-07-08T09:51:11.035Z] GhostDriver - Main - running on port 46113
[INFO  - 2016-07-08T09:51:11.700Z] Session [809cddf0-44f1-11e6-80c1-4bd0c6b6fd5b] - page.settings - {"XSSAuditingEnabled":false,"javascriptCanCloseWindows":true,"javascriptCanOpenWindows":true,"javascriptEnabled":true,"loadImages":true,"localToRemoteUrlAccessEnabled":false,"userAgent":"Mozilla/5.0 (Windows NT 6.2; WOW64) AppleWebKit/538.1 (KHTML, like Gecko) PhantomJS/2.1.1 Safari/538.1","webSecurityEnabled":true}
[INFO  - 2016-07-08T09:51:11.700Z] Session [809cddf0-44f1-11e6-80c1-4bd0c6b6fd5b] - page.customHeaders:  - {}
[INFO  - 2016-07-08T09:51:11.701Z] Session [809cddf0-44f1-11e6-80c1-4bd0c6b6fd5b] - Session.negotiatedCapabilities - {"browserName":"phantomjs","version":"2.1.1","driverName":"ghostdriver","driverVersion":"1.2.0","platform":"windows-10-32bit","javascriptEnabled":true,"takesScreenshot":true,"handlesAlerts":false,"databaseEnabled":false,"locationContextEnabled":false,"applicationCacheEnabled":false,"browserConnectionEnabled":false,"cssSelectorsEnabled":true,"webStorageEnabled":false,"rotatable":false,"acceptSslCerts":false,"nativeEvents":true,"proxy":{"proxyType":"direct"}}
[INFO  - 2016-07-08T09:51:11.701Z] SessionManagerReqHand - _postNewSessionCommand - New Session Created: 809cddf0-44f1-11e6-80c1-4bd0c6b6fd5b
[ERROR - 2016-07-08T09:52:18.778Z] WebElementLocator - _handleLocateCommand - Element(s) NOT Found: GAVE UP. Search Stop Time: 1467971538775
[INFO  - 2016-07-08T09:52:18.934Z] ShutdownReqHand - _handle - About to shutdown
[INFO  - 2016-07-08T09:53:58.105Z] GhostDriver - Main - running on port 45890
[INFO  - 2016-07-08T09:53:58.734Z] Session [e42c1480-44f1-11e6-9577-e774a1b7025e] - page.settings - {"XSSAuditingEnabled":false,"javascriptCanCloseWindows":true,"javascriptCanOpenWindows":true,"javascriptEnabled":true,"loadImages":true,"localToRemoteUrlAccessEnabled":false,"userAgent":"Mozilla/5.0 (Windows NT 6.2; WOW64) AppleWebKit/538.1 (KHTML, like Gecko) PhantomJS/2.1.1 Safari/538.1","webSecurityEnabled":true}
[INFO  - 2016-07-08T09:53:58.734Z] Session [e42c1480-44f1-11e6-9577-e774a1b7025e] - page.customHeaders:  - {}
[INFO  - 2016-07-08T09:53:58.734Z] Session [e42c1480-44f1-11e6-9577-e774a1b7025e] - Session.negotiatedCapabilities - {"browserName":"phantomjs","version":"2.1.1","driverName":"ghostdriver","driverVersion":"1.2.0","platform":"windows-10-32bit","javascriptEnabled":true,"takesScreenshot":true,"handlesAlerts":false,"databaseEnabled":false,"locationContextEnabled":false,"applicationCacheEnabled":false,"browserConnectionEnabled":false,"cssSelectorsEnabled":true,"webStorageEnabled":false,"rotatable":false,"acceptSslCerts":false,"nativeEvents":true,"proxy":{"proxyType":"direct"}}
[INFO  - 2016-07-08T09:53:58.734Z] SessionManagerReqHand - _postNewSessionCommand - New Session Created: e42c1480-44f1-11e6-9577-e774a1b7025e
[ERROR - 2016-07-08T09:55:05.528Z] WebElementLocator - _handleLocateCommand - Element(s) NOT Found: GAVE UP. Search Stop Time: 1467971705504
[INFO  - 2016-07-08T09:55:05.640Z] ShutdownReqHand - _handle - About to shutdown
[INFO  - 2016-07-08T09:56:29.298Z] GhostDriver - Main - running on port 31411
[INFO  - 2016-07-08T09:56:29.611Z] Session [3e19a020-44f2-11e6-91f0-3bef4cde119d] - page.settings - {"XSSAuditingEnabled":false,"javascriptCanCloseWindows":true,"javascriptCanOpenWindows":true,"javascriptEnabled":true,"loadImages":true,"localToRemoteUrlAccessEnabled":false,"userAgent":"Mozilla/5.0 (Windows NT 6.2; WOW64) AppleWebKit/538.1 (KHTML, like Gecko) PhantomJS/2.1.1 Safari/538.1","webSecurityEnabled":true}
[INFO  - 2016-07-08T09:56:29.611Z] Session [3e19a020-44f2-11e6-91f0-3bef4cde119d] - page.customHeaders:  - {}
[INFO  - 2016-07-08T09:56:29.611Z] Session [3e19a020-44f2-11e6-91f0-3bef4cde119d] - Session.negotiatedCapabilities - {"browserName":"phantomjs","version":"2.1.1","driverName":"ghostdriver","driverVersion":"1.2.0","platform":"windows-10-32bit","javascriptEnabled":true,"takesScreenshot":true,"handlesAlerts":false,"databaseEnabled":false,"locationContextEnabled":false,"applicationCacheEnabled":false,"browserConnectionEnabled":false,"cssSelectorsEnabled":true,"webStorageEnabled":false,"rotatable":false,"acceptSslCerts":false,"nativeEvents":true,"proxy":{"proxyType":"direct"}}
[INFO  - 2016-07-08T09:56:29.612Z] SessionManagerReqHand - _postNewSessionCommand - New Session Created: 3e19a020-44f2-11e6-91f0-3bef4cde119d
[ERROR - 2016-07-08T09:57:40.581Z] WebElementLocator - _handleLocateCommand - Element(s) NOT Found: GAVE UP. Search Stop Time: 1467971860559
[INFO  - 2016-07-08T09:57:40.714Z] ShutdownReqHand - _handle - About to shutdown
[INFO  - 2016-07-08T09:58:36.415Z] GhostDriver - Main - running on port 4404
[INFO  - 2016-07-08T09:58:36.844Z] Session [89f04c60-44f2-11e6-bbd9-07aaadb23860] - page.settings - {"XSSAuditingEnabled":false,"javascriptCanCloseWindows":true,"javascriptCanOpenWindows":true,"javascriptEnabled":true,"loadImages":true,"localToRemoteUrlAccessEnabled":false,"userAgent":"Mozilla/5.0 (Windows NT 6.2; WOW64) AppleWebKit/538.1 (KHTML, like Gecko) PhantomJS/2.1.1 Safari/538.1","webSecurityEnabled":true}
[INFO  - 2016-07-08T09:58:36.844Z] Session [89f04c60-44f2-11e6-bbd9-07aaadb23860] - page.customHeaders:  - {}
[INFO  - 2016-07-08T09:58:36.844Z] Session [89f04c60-44f2-11e6-bbd9-07aaadb23860] - Session.negotiatedCapabilities - {"browserName":"phantomjs","version":"2.1.1","driverName":"ghostdriver","driverVersion":"1.2.0","platform":"windows-10-32bit","javascriptEnabled":true,"takesScreenshot":true,"handlesAlerts":false,"databaseEnabled":false,"locationContextEnabled":false,"applicationCacheEnabled":false,"browserConnectionEnabled":false,"cssSelectorsEnabled":true,"webStorageEnabled":false,"rotatable":false,"acceptSslCerts":false,"nativeEvents":true,"proxy":{"proxyType":"direct"}}
[INFO  - 2016-07-08T09:58:36.845Z] SessionManagerReqHand - _postNewSessionCommand - New Session Created: 89f04c60-44f2-11e6-bbd9-07aaadb23860
[ERROR - 2016-07-08T09:59:44.715Z] WebElementLocator - _handleLocateCommand - Element(s) NOT Found: GAVE UP. Search Stop Time: 1467971984698
[INFO  - 2016-07-08T09:59:44.813Z] ShutdownReqHand - _handle - About to shutdown
[INFO  - 2016-07-08T10:01:48.163Z] GhostDriver - Main - running on port 47479
[INFO  - 2016-07-08T10:01:48.428Z] Session [fc21b260-44f2-11e6-a6bf-5b72a4e2a20e] - page.settings - {"XSSAuditingEnabled":false,"javascriptCanCloseWindows":true,"javascriptCanOpenWindows":true,"javascriptEnabled":true,"loadImages":true,"localToRemoteUrlAccessEnabled":false,"userAgent":"Mozilla/5.0 (Windows NT 6.2; WOW64) AppleWebKit/538.1 (KHTML, like Gecko) PhantomJS/2.1.1 Safari/538.1","webSecurityEnabled":true}
[INFO  - 2016-07-08T10:01:48.429Z] Session [fc21b260-44f2-11e6-a6bf-5b72a4e2a20e] - page.customHeaders:  - {}
[INFO  - 2016-07-08T10:01:48.429Z] Session [fc21b260-44f2-11e6-a6bf-5b72a4e2a20e] - Session.negotiatedCapabilities - {"browserName":"phantomjs","version":"2.1.1","driverName":"ghostdriver","driverVersion":"1.2.0","platform":"windows-10-32bit","javascriptEnabled":true,"takesScreenshot":true,"handlesAlerts":false,"databaseEnabled":false,"locationContextEnabled":false,"applicationCacheEnabled":false,"browserConnectionEnabled":false,"cssSelectorsEnabled":true,"webStorageEnabled":false,"rotatable":false,"acceptSslCerts":false,"nativeEvents":true,"proxy":{"proxyType":"direct"}}
[INFO  - 2016-07-08T10:01:48.429Z] SessionManagerReqHand - _postNewSessionCommand - New Session Created: fc21b260-44f2-11e6-a6bf-5b72a4e2a20e
[INFO  - 2016-07-08T10:02:10.007Z] ShutdownReqHand - _handle - About to shutdown
[INFO  - 2016-07-08T10:20:01.984Z] GhostDriver - Main - running on port 28493
[INFO  - 2016-07-08T10:20:02.577Z] Session [884b6ea0-44f5-11e6-9f01-833b80ff8626] - page.settings - {"XSSAuditingEnabled":false,"javascriptCanCloseWindows":true,"javascriptCanOpenWindows":true,"javascriptEnabled":true,"loadImages":true,"localToRemoteUrlAccessEnabled":false,"userAgent":"Mozilla/5.0 (Windows NT 6.2; WOW64) AppleWebKit/538.1 (KHTML, like Gecko) PhantomJS/2.1.1 Safari/538.1","webSecurityEnabled":true}
[INFO  - 2016-07-08T10:20:02.577Z] Session [884b6ea0-44f5-11e6-9f01-833b80ff8626] - page.customHeaders:  - {}
[INFO  - 2016-07-08T10:20:02.578Z] Session [884b6ea0-44f5-11e6-9f01-833b80ff8626] - Session.negotiatedCapabilities - {"browserName":"phantomjs","version":"2.1.1","driverName":"ghostdriver","driverVersion":"1.2.0","platform":"windows-10-32bit","javascriptEnabled":true,"takesScreenshot":true,"handlesAlerts":false,"databaseEnabled":false,"locationContextEnabled":false,"applicationCacheEnabled":false,"browserConnectionEnabled":false,"cssSelectorsEnabled":true,"webStorageEnabled":false,"rotatable":false,"acceptSslCerts":false,"nativeEvents":true,"proxy":{"proxyType":"direct"}}
[INFO  - 2016-07-08T10:20:02.578Z] SessionManagerReqHand - _postNewSessionCommand - New Session Created: 884b6ea0-44f5-11e6-9f01-833b80ff8626
[INFO  - 2016-07-08T10:20:20.689Z] ShutdownReqHand - _handle - About to shutdown
[INFO  - 2016-07-08T10:21:04.913Z] GhostDriver - Main - running on port 16541
[INFO  - 2016-07-08T10:21:05.533Z] Session [add19a50-44f5-11e6-882d-8fbe51c2abc9] - page.settings - {"XSSAuditingEnabled":false,"javascriptCanCloseWindows":true,"javascriptCanOpenWindows":true,"javascriptEnabled":true,"loadImages":true,"localToRemoteUrlAccessEnabled":false,"userAgent":"Mozilla/5.0 (Windows NT 6.2; WOW64) AppleWebKit/538.1 (KHTML, like Gecko) PhantomJS/2.1.1 Safari/538.1","webSecurityEnabled":true}
[INFO  - 2016-07-08T10:21:05.533Z] Session [add19a50-44f5-11e6-882d-8fbe51c2abc9] - page.customHeaders:  - {}
[INFO  - 2016-07-08T10:21:05.533Z] Session [add19a50-44f5-11e6-882d-8fbe51c2abc9] - Session.negotiatedCapabilities - {"browserName":"phantomjs","version":"2.1.1","driverName":"ghostdriver","driverVersion":"1.2.0","platform":"windows-10-32bit","javascriptEnabled":true,"takesScreenshot":true,"handlesAlerts":false,"databaseEnabled":false,"locationContextEnabled":false,"applicationCacheEnabled":false,"browserConnectionEnabled":false,"cssSelectorsEnabled":true,"webStorageEnabled":false,"rotatable":false,"acceptSslCerts":false,"nativeEvents":true,"proxy":{"proxyType":"direct"}}
[INFO  - 2016-07-08T10:21:05.534Z] SessionManagerReqHand - _postNewSessionCommand - New Session Created: add19a50-44f5-11e6-882d-8fbe51c2abc9
[ERROR - 2016-07-08T10:22:12.486Z] WebElementLocator - _handleLocateCommand - Element(s) NOT Found: GAVE UP. Search Stop Time: 1467973332425
[INFO  - 2016-07-08T10:22:12.827Z] ShutdownReqHand - _handle - About to shutdown
